=> Booting WEBrick
=> Rails 3.2.13 application starting in development on http://0.0.0.0:3000
=> Call with -d to detach
=> Ctrl-C to shutdown server
Connecting to database specified by database.yml
Connecting to database specified by database.yml
Connecting to database specified by database.yml
Connecting to database specified by database.yml


Started GET "/articles" for 192.168.0.163 at 2013-04-13 22:02:31 -0400
Processing by ArticlesController#index as HTML
  [1m[36mArticle Load (0.2ms)[0m  [1mSELECT "articles".* FROM "articles" [0m
  Rendered articles/index.html.erb within layouts/application (4.9ms)
Compiled comments.css  (6ms)  (pid 15605)
Compiled application.css  (14ms)  (pid 15605)
Compiled comments.js  (261ms)  (pid 15605)
Compiled application.js  (272ms)  (pid 15605)
Completed 200 OK in 582ms (Views: 499.0ms | ActiveRecord: 2.5ms)


Started GET "/assets/application.css?body=1" for 192.168.0.163 at 2013-04-13 22:02:32 -0400
Served asset /application.css - 304 Not Modified (17ms)


Started GET "/assets/articles.css?body=1" for 192.168.0.163 at 2013-04-13 22:02:32 -0400
Served asset /articles.css - 304 Not Modified (7ms)


Started GET "/assets/jquery.js?body=1" for 192.168.0.163 at 2013-04-13 22:02:32 -0400
Served asset /jquery.js - 304 Not Modified (73ms)


Started GET "/assets/jquery_ujs.js?body=1" for 192.168.0.163 at 2013-04-13 22:02:32 -0400
Served asset /jquery_ujs.js - 304 Not Modified (10ms)


Started GET "/assets/comments.css?body=1" for 192.168.0.163 at 2013-04-13 22:02:32 -0400
Served asset /comments.css - 200 OK (8ms)


Started GET "/assets/screen.css?body=1" for 192.168.0.163 at 2013-04-13 22:02:32 -0400
Served asset /screen.css - 304 Not Modified (4ms)


Started GET "/assets/articles.js?body=1" for 192.168.0.163 at 2013-04-13 22:02:32 -0400
Served asset /articles.js - 304 Not Modified (3ms)


Started GET "/assets/comments.js?body=1" for 192.168.0.163 at 2013-04-13 22:02:32 -0400
Served asset /comments.js - 200 OK (4ms)


Started GET "/assets/application.js?body=1" for 192.168.0.163 at 2013-04-13 22:02:32 -0400
Served asset /application.js - 304 Not Modified (18ms)


Started GET "/articles/2" for 192.168.0.163 at 2013-04-13 22:02:34 -0400
Processing by ArticlesController#show as HTML
  Parameters: {"id"=>"2"}
  [1m[35mArticle Load (0.7ms)[0m  SELECT "articles".* FROM "articles" WHERE "articles"."id" = ? LIMIT 1  [["id", "2"]]
Completed 500 Internal Server Error in 18ms

ActiveRecord::StatementInvalid (Could not find table 'comments'):
  app/controllers/articles_controller.rb:8:in `new'
  app/controllers/articles_controller.rb:8:in `show'


  Rendered /usr/local/lib/ruby/gems/1.9.1/gems/actionpack-3.2.13/lib/action_dispatch/middleware/templates/rescues/_trace.erb (4.4ms)
  Rendered /usr/local/lib/ruby/gems/1.9.1/gems/actionpack-3.2.13/lib/action_dispatch/middleware/templates/rescues/_request_and_response.erb (3.3ms)
  Rendered /usr/local/lib/ruby/gems/1.9.1/gems/actionpack-3.2.13/lib/action_dispatch/middleware/templates/rescues/diagnostics.erb within rescues/layout (24.7ms)
Connecting to database specified by database.yml
  [1m[36m (0.1ms)[0m  [1mSELECT "schema_migrations"."version" FROM "schema_migrations" [0m
Migrating to CreateArticles (20130413150417)
Migrating to CreateComments (20130414003315)
  [1m[35m (0.1ms)[0m  select sqlite_version(*)
  [1m[36m (0.0ms)[0m  [1mbegin transaction[0m
  [1m[35m (0.5ms)[0m  CREATE TABLE "comments" ("id" INTEGER PRIMARY KEY AUTOINCREMENT NOT NULL, "author_name" varchar(255), "body" text, "article_id" integer, "created_at" datetime NOT NULL, "updated_at" datetime NOT NULL) 
  [1m[36m (0.2ms)[0m  [1mCREATE INDEX "index_comments_on_article_id" ON "comments" ("article_id")[0m
  [1m[35m (0.1ms)[0m  INSERT INTO "schema_migrations" ("version") VALUES ('20130414003315')
  [1m[36m (72.4ms)[0m  [1mcommit transaction[0m
  [1m[35m (0.1ms)[0m  SELECT "schema_migrations"."version" FROM "schema_migrations" 


Started GET "/articles" for 192.168.0.163 at 2013-04-13 22:03:16 -0400
Processing by ArticlesController#index as HTML
  [1m[36mArticle Load (0.3ms)[0m  [1mSELECT "articles".* FROM "articles" [0m
  Rendered articles/index.html.erb within layouts/application (3.7ms)
Completed 200 OK in 150ms (Views: 126.9ms | ActiveRecord: 1.9ms)


Started GET "/assets/application.css?body=1" for 192.168.0.163 at 2013-04-13 22:03:17 -0400
Served asset /application.css - 304 Not Modified (1ms)


Started GET "/assets/articles.css?body=1" for 192.168.0.163 at 2013-04-13 22:03:17 -0400
Served asset /articles.css - 304 Not Modified (0ms)


Started GET "/assets/screen.css?body=1" for 192.168.0.163 at 2013-04-13 22:03:17 -0400
Served asset /screen.css - 304 Not Modified (0ms)


Started GET "/assets/comments.css?body=1" for 192.168.0.163 at 2013-04-13 22:03:17 -0400
Served asset /comments.css - 304 Not Modified (0ms)


Started GET "/assets/jquery.js?body=1" for 192.168.0.163 at 2013-04-13 22:03:17 -0400
Served asset /jquery.js - 304 Not Modified (1ms)


Started GET "/assets/jquery_ujs.js?body=1" for 192.168.0.163 at 2013-04-13 22:03:17 -0400
Served asset /jquery_ujs.js - 304 Not Modified (1ms)


Started GET "/assets/articles.js?body=1" for 192.168.0.163 at 2013-04-13 22:03:17 -0400
Served asset /articles.js - 304 Not Modified (6ms)


Started GET "/assets/application.js?body=1" for 192.168.0.163 at 2013-04-13 22:03:17 -0400
Served asset /application.js - 304 Not Modified (2ms)


Started GET "/assets/comments.js?body=1" for 192.168.0.163 at 2013-04-13 22:03:17 -0400
Served asset /comments.js - 304 Not Modified (1ms)


Started GET "/articles/4" for 192.168.0.163 at 2013-04-13 22:03:18 -0400
Processing by ArticlesController#show as HTML
  Parameters: {"id"=>"4"}
  [1m[35mArticle Load (0.5ms)[0m  SELECT "articles".* FROM "articles" WHERE "articles"."id" = ? LIMIT 1  [["id", "4"]]
Completed 500 Internal Server Error in 52ms

NoMethodError (undefined method `id=' for nil:NilClass):
  app/controllers/articles_controller.rb:9:in `show'


  Rendered /usr/local/lib/ruby/gems/1.9.1/gems/actionpack-3.2.13/lib/action_dispatch/middleware/templates/rescues/_trace.erb (3.9ms)
  Rendered /usr/local/lib/ruby/gems/1.9.1/gems/actionpack-3.2.13/lib/action_dispatch/middleware/templates/rescues/_request_and_response.erb (3.1ms)
  Rendered /usr/local/lib/ruby/gems/1.9.1/gems/actionpack-3.2.13/lib/action_dispatch/middleware/templates/rescues/diagnostics.erb within rescues/layout (25.1ms)


Started GET "/articles/4" for 192.168.0.163 at 2013-04-13 22:06:08 -0400
Processing by ArticlesController#show as HTML
  Parameters: {"id"=>"4"}
  [1m[36mArticle Load (0.5ms)[0m  [1mSELECT "articles".* FROM "articles" WHERE "articles"."id" = ? LIMIT 1[0m  [["id", "4"]]
Completed 500 Internal Server Error in 30ms

NoMethodError (undefined method `id=' for nil:NilClass):
  app/controllers/articles_controller.rb:9:in `show'


  Rendered /usr/local/lib/ruby/gems/1.9.1/gems/actionpack-3.2.13/lib/action_dispatch/middleware/templates/rescues/_trace.erb (1.4ms)
  Rendered /usr/local/lib/ruby/gems/1.9.1/gems/actionpack-3.2.13/lib/action_dispatch/middleware/templates/rescues/_request_and_response.erb (1.2ms)
  Rendered /usr/local/lib/ruby/gems/1.9.1/gems/actionpack-3.2.13/lib/action_dispatch/middleware/templates/rescues/diagnostics.erb within rescues/layout (9.0ms)


Started GET "/articles/2" for 192.168.0.163 at 2013-04-13 22:06:11 -0400
Processing by ArticlesController#show as HTML
  Parameters: {"id"=>"2"}
  [1m[35mArticle Load (0.3ms)[0m  SELECT "articles".* FROM "articles" WHERE "articles"."id" = ? LIMIT 1  [["id", "2"]]
Completed 500 Internal Server Error in 4ms

NoMethodError (undefined method `id=' for nil:NilClass):
  app/controllers/articles_controller.rb:9:in `show'


  Rendered /usr/local/lib/ruby/gems/1.9.1/gems/actionpack-3.2.13/lib/action_dispatch/middleware/templates/rescues/_trace.erb (3.7ms)
  Rendered /usr/local/lib/ruby/gems/1.9.1/gems/actionpack-3.2.13/lib/action_dispatch/middleware/templates/rescues/_request_and_response.erb (2.9ms)
  Rendered /usr/local/lib/ruby/gems/1.9.1/gems/actionpack-3.2.13/lib/action_dispatch/middleware/templates/rescues/diagnostics.erb within rescues/layout (26.7ms)


Started GET "/articles/2" for 192.168.0.163 at 2013-04-13 22:12:22 -0400
Processing by ArticlesController#show as HTML
  Parameters: {"id"=>"2"}
  [1m[36mArticle Load (0.4ms)[0m  [1mSELECT "articles".* FROM "articles" WHERE "articles"."id" = ? LIMIT 1[0m  [["id", "2"]]
Completed 500 Internal Server Error in 110ms

NoMethodError (undefined method `id=' for nil:NilClass):
  app/controllers/articles_controller.rb:9:in `show'


  Rendered /usr/local/lib/ruby/gems/1.9.1/gems/actionpack-3.2.13/lib/action_dispatch/middleware/templates/rescues/_trace.erb (1.5ms)
  Rendered /usr/local/lib/ruby/gems/1.9.1/gems/actionpack-3.2.13/lib/action_dispatch/middleware/templates/rescues/_request_and_response.erb (1.2ms)
  Rendered /usr/local/lib/ruby/gems/1.9.1/gems/actionpack-3.2.13/lib/action_dispatch/middleware/templates/rescues/diagnostics.erb within rescues/layout (9.1ms)


Started GET "/articles/2" for 192.168.0.163 at 2013-04-13 22:12:23 -0400
Processing by ArticlesController#show as HTML
  Parameters: {"id"=>"2"}
  [1m[35mArticle Load (0.3ms)[0m  SELECT "articles".* FROM "articles" WHERE "articles"."id" = ? LIMIT 1  [["id", "2"]]
Completed 500 Internal Server Error in 4ms

NoMethodError (undefined method `id=' for nil:NilClass):
  app/controllers/articles_controller.rb:9:in `show'


  Rendered /usr/local/lib/ruby/gems/1.9.1/gems/actionpack-3.2.13/lib/action_dispatch/middleware/templates/rescues/_trace.erb (3.8ms)
  Rendered /usr/local/lib/ruby/gems/1.9.1/gems/actionpack-3.2.13/lib/action_dispatch/middleware/templates/rescues/_request_and_response.erb (3.0ms)
  Rendered /usr/local/lib/ruby/gems/1.9.1/gems/actionpack-3.2.13/lib/action_dispatch/middleware/templates/rescues/diagnostics.erb within rescues/layout (25.1ms)


Started GET "/articles/2" for 192.168.0.163 at 2013-04-13 22:13:45 -0400
Processing by ArticlesController#show as HTML
  Parameters: {"id"=>"2"}
  [1m[36mArticle Load (0.3ms)[0m  [1mSELECT "articles".* FROM "articles" WHERE "articles"."id" = ? LIMIT 1[0m  [["id", "2"]]
Completed 500 Internal Server Error in 4ms

NoMethodError (undefined method `id=' for nil:NilClass):
  app/controllers/articles_controller.rb:9:in `show'


  Rendered /usr/local/lib/ruby/gems/1.9.1/gems/actionpack-3.2.13/lib/action_dispatch/middleware/templates/rescues/_trace.erb (8.9ms)
  Rendered /usr/local/lib/ruby/gems/1.9.1/gems/actionpack-3.2.13/lib/action_dispatch/middleware/templates/rescues/_request_and_response.erb (3.5ms)
  Rendered /usr/local/lib/ruby/gems/1.9.1/gems/actionpack-3.2.13/lib/action_dispatch/middleware/templates/rescues/diagnostics.erb within rescues/layout (34.7ms)


Started GET "/articles/4" for 192.168.0.163 at 2013-04-13 22:13:48 -0400
Processing by ArticlesController#show as HTML
  Parameters: {"id"=>"4"}
  [1m[35mArticle Load (0.3ms)[0m  SELECT "articles".* FROM "articles" WHERE "articles"."id" = ? LIMIT 1  [["id", "4"]]
Completed 500 Internal Server Error in 4ms

NoMethodError (undefined method `id=' for nil:NilClass):
  app/controllers/articles_controller.rb:9:in `show'


  Rendered /usr/local/lib/ruby/gems/1.9.1/gems/actionpack-3.2.13/lib/action_dispatch/middleware/templates/rescues/_trace.erb (4.4ms)
  Rendered /usr/local/lib/ruby/gems/1.9.1/gems/actionpack-3.2.13/lib/action_dispatch/middleware/templates/rescues/_request_and_response.erb (3.0ms)
  Rendered /usr/local/lib/ruby/gems/1.9.1/gems/actionpack-3.2.13/lib/action_dispatch/middleware/templates/rescues/diagnostics.erb within rescues/layout (23.8ms)


Started GET "/articles/2" for 192.168.0.163 at 2013-04-13 22:13:50 -0400
Processing by ArticlesController#show as HTML
  Parameters: {"id"=>"2"}
  [1m[36mArticle Load (0.3ms)[0m  [1mSELECT "articles".* FROM "articles" WHERE "articles"."id" = ? LIMIT 1[0m  [["id", "2"]]
Completed 500 Internal Server Error in 6ms

NoMethodError (undefined method `id=' for nil:NilClass):
  app/controllers/articles_controller.rb:9:in `show'


  Rendered /usr/local/lib/ruby/gems/1.9.1/gems/actionpack-3.2.13/lib/action_dispatch/middleware/templates/rescues/_trace.erb (4.0ms)
  Rendered /usr/local/lib/ruby/gems/1.9.1/gems/actionpack-3.2.13/lib/action_dispatch/middleware/templates/rescues/_request_and_response.erb (3.0ms)
  Rendered /usr/local/lib/ruby/gems/1.9.1/gems/actionpack-3.2.13/lib/action_dispatch/middleware/templates/rescues/diagnostics.erb within rescues/layout (23.2ms)


Started GET "/articles/2" for 192.168.0.163 at 2013-04-13 22:20:36 -0400
Processing by ArticlesController#show as HTML
  Parameters: {"id"=>"2"}
  [1m[35mArticle Load (0.5ms)[0m  SELECT "articles".* FROM "articles" WHERE "articles"."id" = ? LIMIT 1  [["id", "2"]]
  [1m[36mComment Load (0.2ms)[0m  [1mSELECT "comments".* FROM "comments" WHERE "comments"."article_id" = 2[0m
  Rendered articles/show.html.erb within layouts/application (146.7ms)
Completed 500 Internal Server Error in 208ms

ActionView::Template::Error (Missing partial article/comments with {:locale=>[:en], :formats=>[:html], :handlers=>[:erb, :builder, :coffee]}. Searched in:
  * "/tank/local/Documents/csci/projects/ror/blogger/app/views"
):
    5: </p>
    6: 
    7: <h3>Comments</h3>
    8: <%= render partial: 'article/comments', collection: @article.comments %>
    9: <%= render partial: 'comments/form' %>
    10: 
    11: <%= link_to "<<< Back to Articles List", articles_path %>
  app/views/articles/show.html.erb:8:in `_app_views_articles_show_html_erb___925352858053363398_37416020'


  Rendered /usr/local/lib/ruby/gems/1.9.1/gems/actionpack-3.2.13/lib/action_dispatch/middleware/templates/rescues/_trace.erb (1.6ms)
  Rendered /usr/local/lib/ruby/gems/1.9.1/gems/actionpack-3.2.13/lib/action_dispatch/middleware/templates/rescues/_request_and_response.erb (1.2ms)
  Rendered /usr/local/lib/ruby/gems/1.9.1/gems/actionpack-3.2.13/lib/action_dispatch/middleware/templates/rescues/template_error.erb within rescues/layout (10.2ms)


Started GET "/articles/2" for 192.168.0.163 at 2013-04-13 22:22:39 -0400
Processing by ArticlesController#show as HTML
  Parameters: {"id"=>"2"}
  [1m[35mArticle Load (0.4ms)[0m  SELECT "articles".* FROM "articles" WHERE "articles"."id" = ? LIMIT 1  [["id", "2"]]
  [1m[36mComment Load (0.4ms)[0m  [1mSELECT "comments".* FROM "comments" WHERE "comments"."article_id" = 2[0m
  Rendered articles/show.html.erb within layouts/application (7.8ms)
Completed 500 Internal Server Error in 18ms

ActionView::Template::Error (Missing partial article/comment with {:locale=>[:en], :formats=>[:html], :handlers=>[:erb, :builder, :coffee]}. Searched in:
  * "/tank/local/Documents/csci/projects/ror/blogger/app/views"
):
    5: </p>
    6: 
    7: <h3>Comments</h3>
    8: <%= render partial: 'article/comment', collection: @article.comments %>
    9: <%= render partial: 'comments/form' %>
    10: 
    11: <%= link_to "<<< Back to Articles List", articles_path %>
  app/views/articles/show.html.erb:8:in `_app_views_articles_show_html_erb___925352858053363398_33565180'


  Rendered /usr/local/lib/ruby/gems/1.9.1/gems/actionpack-3.2.13/lib/action_dispatch/middleware/templates/rescues/_trace.erb (4.1ms)
  Rendered /usr/local/lib/ruby/gems/1.9.1/gems/actionpack-3.2.13/lib/action_dispatch/middleware/templates/rescues/_request_and_response.erb (4.7ms)
  Rendered /usr/local/lib/ruby/gems/1.9.1/gems/actionpack-3.2.13/lib/action_dispatch/middleware/templates/rescues/template_error.erb within rescues/layout (25.4ms)


Started GET "/articles/2" for 192.168.0.163 at 2013-04-13 22:26:14 -0400
Processing by ArticlesController#show as HTML
  Parameters: {"id"=>"2"}
  [1m[35mArticle Load (0.3ms)[0m  SELECT "articles".* FROM "articles" WHERE "articles"."id" = ? LIMIT 1  [["id", "2"]]
  [1m[36mComment Load (0.4ms)[0m  [1mSELECT "comments".* FROM "comments" WHERE "comments"."article_id" = 2[0m
  Rendered articles/_comment.html.erb (0.0ms)
  Rendered comments/_form.html.erb (95.7ms)
  Rendered articles/show.html.erb within layouts/application (108.5ms)
Completed 200 OK in 154ms (Views: 148.2ms | ActiveRecord: 0.7ms)


Started GET "/assets/application.css?body=1" for 192.168.0.163 at 2013-04-13 22:26:14 -0400
Served asset /application.css - 304 Not Modified (9ms)


Started GET "/assets/jquery_ujs.js?body=1" for 192.168.0.163 at 2013-04-13 22:26:14 -0400
Served asset /jquery_ujs.js - 304 Not Modified (0ms)


Started GET "/assets/jquery.js?body=1" for 192.168.0.163 at 2013-04-13 22:26:14 -0400
Served asset /jquery.js - 304 Not Modified (2ms)


Started GET "/assets/screen.css?body=1" for 192.168.0.163 at 2013-04-13 22:26:14 -0400
Served asset /screen.css - 304 Not Modified (1ms)


Started GET "/assets/comments.css?body=1" for 192.168.0.163 at 2013-04-13 22:26:14 -0400
Served asset /comments.css - 304 Not Modified (0ms)


Started GET "/assets/articles.css?body=1" for 192.168.0.163 at 2013-04-13 22:26:14 -0400
Served asset /articles.css - 304 Not Modified (0ms)


Started GET "/assets/articles.js?body=1" for 192.168.0.163 at 2013-04-13 22:26:14 -0400
Served asset /articles.js - 304 Not Modified (0ms)


Started GET "/assets/comments.js?body=1" for 192.168.0.163 at 2013-04-13 22:26:14 -0400
Served asset /comments.js - 304 Not Modified (0ms)


Started GET "/assets/application.js?body=1" for 192.168.0.163 at 2013-04-13 22:26:14 -0400
Served asset /application.js - 304 Not Modified (3ms)


Started POST "/articles/2/comments" for 192.168.0.163 at 2013-04-13 22:26:28 -0400
Processing by CommentsController#create as HTML
  Parameters: {"utf8"=>"✓", "authenticity_token"=>"JbMSXmgW/UPJjAVO/tJhdWDlP6Ij1A7O3lHJc+lr3WY=", "comment"=>{"author_name"=>"commity", "body"=>"comment time!"}, "commit"=>"Submit", "article_id"=>"2"}
  [1m[35m (0.2ms)[0m  begin transaction
  [1m[36mSQL (97.0ms)[0m  [1mINSERT INTO "comments" ("article_id", "author_name", "body", "created_at", "updated_at") VALUES (?, ?, ?, ?, ?)[0m  [["article_id", 2], ["author_name", "commity"], ["body", "comment time!"], ["created_at", Sun, 14 Apr 2013 02:26:28 UTC +00:00], ["updated_at", Sun, 14 Apr 2013 02:26:28 UTC +00:00]]
  [1m[35m (64.5ms)[0m  commit transaction
  [1m[36mArticle Load (0.5ms)[0m  [1mSELECT "articles".* FROM "articles" WHERE "articles"."id" = 2 LIMIT 1[0m
Redirected to http://192.168.0.180:3000/articles/2
Completed 302 Found in 179ms (ActiveRecord: 162.2ms)


Started GET "/articles/2" for 192.168.0.163 at 2013-04-13 22:26:28 -0400
Processing by ArticlesController#show as HTML
  Parameters: {"id"=>"2"}
  [1m[35mArticle Load (0.3ms)[0m  SELECT "articles".* FROM "articles" WHERE "articles"."id" = ? LIMIT 1  [["id", "2"]]
  [1m[36mComment Load (0.4ms)[0m  [1mSELECT "comments".* FROM "comments" WHERE "comments"."article_id" = 2[0m
  Rendered articles/_comment.html.erb (1.3ms)
  Rendered comments/_form.html.erb (7.3ms)
  Rendered articles/show.html.erb within layouts/application (18.1ms)
Completed 200 OK in 94ms (Views: 90.4ms | ActiveRecord: 0.7ms)


Started GET "/assets/application.css?body=1" for 192.168.0.163 at 2013-04-13 22:26:28 -0400
Served asset /application.css - 304 Not Modified (5ms)


Started GET "/assets/articles.css?body=1" for 192.168.0.163 at 2013-04-13 22:26:28 -0400
Served asset /articles.css - 304 Not Modified (4ms)


Started GET "/assets/jquery_ujs.js?body=1" for 192.168.0.163 at 2013-04-13 22:26:28 -0400
Served asset /jquery_ujs.js - 304 Not Modified (15ms)


Started GET "/assets/screen.css?body=1" for 192.168.0.163 at 2013-04-13 22:26:28 -0400
Served asset /screen.css - 304 Not Modified (7ms)


Started GET "/assets/comments.css?body=1" for 192.168.0.163 at 2013-04-13 22:26:28 -0400
Served asset /comments.css - 304 Not Modified (1ms)


Started GET "/assets/articles.js?body=1" for 192.168.0.163 at 2013-04-13 22:26:28 -0400
Served asset /articles.js - 304 Not Modified (0ms)


Started GET "/assets/jquery.js?body=1" for 192.168.0.163 at 2013-04-13 22:26:28 -0400
Served asset /jquery.js - 304 Not Modified (2ms)


Started GET "/assets/comments.js?body=1" for 192.168.0.163 at 2013-04-13 22:26:28 -0400
Served asset /comments.js - 304 Not Modified (3ms)


Started GET "/assets/application.js?body=1" for 192.168.0.163 at 2013-04-13 22:26:28 -0400
Served asset /application.js - 304 Not Modified (3ms)


Started POST "/articles/2/comments" for 192.168.0.163 at 2013-04-13 22:29:11 -0400
Processing by CommentsController#create as HTML
  Parameters: {"utf8"=>"✓", "authenticity_token"=>"JbMSXmgW/UPJjAVO/tJhdWDlP6Ij1A7O3lHJc+lr3WY=", "comment"=>{"author_name"=>"some guy", "body"=>"BUY VIAGRA\r\nNOW!"}, "commit"=>"Submit", "article_id"=>"2"}
  [1m[35m (0.2ms)[0m  begin transaction
  [1m[36mSQL (1.0ms)[0m  [1mINSERT INTO "comments" ("article_id", "author_name", "body", "created_at", "updated_at") VALUES (?, ?, ?, ?, ?)[0m  [["article_id", 2], ["author_name", "some guy"], ["body", "BUY VIAGRA\r\nNOW!"], ["created_at", Sun, 14 Apr 2013 02:29:11 UTC +00:00], ["updated_at", Sun, 14 Apr 2013 02:29:11 UTC +00:00]]
  [1m[35m (104.6ms)[0m  commit transaction
  [1m[36mArticle Load (0.4ms)[0m  [1mSELECT "articles".* FROM "articles" WHERE "articles"."id" = 2 LIMIT 1[0m
Redirected to http://192.168.0.180:3000/articles/2
Completed 302 Found in 116ms (ActiveRecord: 106.3ms)


Started GET "/articles/2" for 192.168.0.163 at 2013-04-13 22:29:11 -0400
Processing by ArticlesController#show as HTML
  Parameters: {"id"=>"2"}
  [1m[35mArticle Load (0.3ms)[0m  SELECT "articles".* FROM "articles" WHERE "articles"."id" = ? LIMIT 1  [["id", "2"]]
  [1m[36mComment Load (0.4ms)[0m  [1mSELECT "comments".* FROM "comments" WHERE "comments"."article_id" = 2[0m
  Rendered articles/_comment.html.erb (0.2ms)
  Rendered comments/_form.html.erb (6.0ms)
  Rendered articles/show.html.erb within layouts/application (14.6ms)
Completed 200 OK in 177ms (Views: 167.8ms | ActiveRecord: 0.7ms)


Started GET "/assets/application.css?body=1" for 192.168.0.163 at 2013-04-13 22:29:11 -0400
Served asset /application.css - 304 Not Modified (2ms)


Started GET "/assets/articles.css?body=1" for 192.168.0.163 at 2013-04-13 22:29:11 -0400
Served asset /articles.css - 304 Not Modified (0ms)


Started GET "/assets/comments.css?body=1" for 192.168.0.163 at 2013-04-13 22:29:11 -0400
Served asset /comments.css - 304 Not Modified (3ms)


Started GET "/assets/jquery_ujs.js?body=1" for 192.168.0.163 at 2013-04-13 22:29:11 -0400
Served asset /jquery_ujs.js - 304 Not Modified (3ms)


Started GET "/assets/jquery.js?body=1" for 192.168.0.163 at 2013-04-13 22:29:11 -0400
Served asset /jquery.js - 304 Not Modified (5ms)


Started GET "/assets/screen.css?body=1" for 192.168.0.163 at 2013-04-13 22:29:11 -0400
Served asset /screen.css - 304 Not Modified (3ms)


Started GET "/assets/articles.js?body=1" for 192.168.0.163 at 2013-04-13 22:29:11 -0400
Served asset /articles.js - 304 Not Modified (0ms)


Started GET "/assets/comments.js?body=1" for 192.168.0.163 at 2013-04-13 22:29:11 -0400
Served asset /comments.js - 304 Not Modified (0ms)


Started GET "/assets/application.js?body=1" for 192.168.0.163 at 2013-04-13 22:29:11 -0400
Served asset /application.js - 304 Not Modified (4ms)


Started GET "/articles" for 192.168.0.163 at 2013-04-13 22:48:45 -0400
Processing by ArticlesController#index as HTML
  [1m[35mArticle Load (0.5ms)[0m  SELECT "articles".* FROM "articles" 
  Rendered articles/index.html.erb within layouts/application (5.1ms)
Completed 200 OK in 82ms (Views: 78.2ms | ActiveRecord: 0.5ms)


Started GET "/assets/articles.css?body=1" for 192.168.0.163 at 2013-04-13 22:48:45 -0400
Served asset /articles.css - 304 Not Modified (4ms)


Started GET "/assets/application.css?body=1" for 192.168.0.163 at 2013-04-13 22:48:45 -0400
Served asset /application.css - 304 Not Modified (1ms)


Started GET "/assets/jquery_ujs.js?body=1" for 192.168.0.163 at 2013-04-13 22:48:45 -0400
Served asset /jquery_ujs.js - 304 Not Modified (0ms)


Started GET "/assets/comments.css?body=1" for 192.168.0.163 at 2013-04-13 22:48:45 -0400
Served asset /comments.css - 304 Not Modified (4ms)


Started GET "/assets/jquery.js?body=1" for 192.168.0.163 at 2013-04-13 22:48:45 -0400
Served asset /jquery.js - 304 Not Modified (3ms)


Started GET "/assets/screen.css?body=1" for 192.168.0.163 at 2013-04-13 22:48:45 -0400
Served asset /screen.css - 304 Not Modified (4ms)


Started GET "/assets/application.js?body=1" for 192.168.0.163 at 2013-04-13 22:48:45 -0400
Served asset /application.js - 304 Not Modified (6ms)


Started GET "/assets/articles.js?body=1" for 192.168.0.163 at 2013-04-13 22:48:45 -0400
Served asset /articles.js - 304 Not Modified (0ms)


Started GET "/assets/comments.js?body=1" for 192.168.0.163 at 2013-04-13 22:48:45 -0400
Served asset /comments.js - 304 Not Modified (0ms)


Started GET "/articles/5" for 192.168.0.163 at 2013-04-13 22:48:46 -0400
Processing by ArticlesController#show as HTML
  Parameters: {"id"=>"5"}
  [1m[36mArticle Load (0.3ms)[0m  [1mSELECT "articles".* FROM "articles" WHERE "articles"."id" = ? LIMIT 1[0m  [["id", "5"]]
  [1m[35m (0.4ms)[0m  SELECT COUNT(*) FROM "comments" WHERE "comments"."article_id" = 5
  Rendered articles/_comment.html.erb (0.0ms)
  Rendered comments/_form.html.erb (9.3ms)
  Rendered articles/show.html.erb within layouts/application (22.5ms)
Completed 200 OK in 184ms (Views: 180.4ms | ActiveRecord: 0.7ms)


Started GET "/assets/application.css?body=1" for 192.168.0.163 at 2013-04-13 22:48:46 -0400
Served asset /application.css - 304 Not Modified (2ms)
